<?xml version="1.0" encoding="UTF-8"?>
<!-- Generated by org.testng.reporters.JUnitReportReporter -->
<testsuite hostname="DESKTOP-RH3TI4U" failures="0" tests="1" name="com.testClass.TestCaseLogin" time="37.095" errors="0" timestamp="2024-04-12T10:00:26 IST" skipped="0">
  <testcase classname="com.testClass.TestCaseLogin" name="login" time="37.095"/>
</testsuite> <!-- com.testClass.TestCaseLogin -->
